{
	"/Users/RyanBas/Documents/web_development/eric_blog/src/components/about.tsx": {
		"path":
			"/Users/RyanBas/Documents/web_development/eric_blog/src/components/about.tsx",
		"statementMap": {
			"0": {
				"start": { "line": 5, "column": 1 },
				"end": { "line": 17, "column": 7 }
			}
		},
		"fnMap": {
			"0": {
				"name": "(anonymous_0)",
				"decl": {
					"start": { "line": 4, "column": 15 },
					"end": { "line": 4, "column": 16 }
				},
				"loc": {
					"start": { "line": 5, "column": 1 },
					"end": { "line": 17, "column": 7 }
				}
			}
		},
		"branchMap": {},
		"s": { "0": 1 },
		"f": { "0": 1 },
		"b": {}
	},
	"/Users/RyanBas/Documents/web_development/eric_blog/src/components/blog-tags/index.tsx": {
		"path":
			"/Users/RyanBas/Documents/web_development/eric_blog/src/components/blog-tags/index.tsx",
		"statementMap": {
			"0": {
				"start": { "line": 10, "column": 33 },
				"end": { "line": 22, "column": 1 }
			},
			"1": {
				"start": { "line": 11, "column": 1 },
				"end": { "line": 21, "column": 7 }
			},
			"2": {
				"start": { "line": 14, "column": 4 },
				"end": { "line": 17, "column": 12 }
			}
		},
		"fnMap": {
			"0": {
				"name": "(anonymous_0)",
				"decl": {
					"start": { "line": 10, "column": 33 },
					"end": { "line": 10, "column": 34 }
				},
				"loc": {
					"start": { "line": 11, "column": 1 },
					"end": { "line": 21, "column": 7 }
				}
			},
			"1": {
				"name": "(anonymous_1)",
				"decl": {
					"start": { "line": 13, "column": 3 },
					"end": { "line": 13, "column": 4 }
				},
				"loc": {
					"start": { "line": 14, "column": 4 },
					"end": { "line": 17, "column": 12 }
				}
			}
		},
		"branchMap": {},
		"s": { "0": 2, "1": 2, "2": 4 },
		"f": { "0": 2, "1": 4 },
		"b": {}
	},
	"/Users/RyanBas/Documents/web_development/eric_blog/src/components/card/index.tsx": {
		"path":
			"/Users/RyanBas/Documents/web_development/eric_blog/src/components/card/index.tsx",
		"statementMap": {
			"0": {
				"start": { "line": 17, "column": 36 },
				"end": { "line": 39, "column": 1 }
			},
			"1": {
				"start": { "line": 18, "column": 60 },
				"end": { "line": 18, "column": 65 }
			},
			"2": {
				"start": { "line": 20, "column": 2 },
				"end": { "line": 20, "column": 66 }
			},
			"3": {
				"start": { "line": 21, "column": 1 },
				"end": { "line": 38, "column": 3 }
			}
		},
		"fnMap": {
			"0": {
				"name": "CardsComp",
				"decl": {
					"start": { "line": 17, "column": 36 },
					"end": { "line": 17, "column": 54 }
				},
				"loc": {
					"start": { "line": 17, "column": 60 },
					"end": { "line": 39, "column": 1 }
				}
			}
		},
		"branchMap": {
			"0": {
				"loc": {
					"start": { "line": 20, "column": 26 },
					"end": { "line": 20, "column": 48 }
				},
				"type": "cond-expr",
				"locations": [
					{
						"start": { "line": 20, "column": 26 },
						"end": { "line": 20, "column": 48 }
					},
					{
						"start": { "line": 20, "column": 51 },
						"end": { "line": 20, "column": 66 }
					}
				]
			}
		},
		"s": { "0": 1, "1": 1, "2": 1, "3": 1 },
		"f": { "0": 1 },
		"b": { "0": [1, 0] }
	},
	"/Users/RyanBas/Documents/web_development/eric_blog/src/components/comment/commentHeader.tsx": {
		"path":
			"/Users/RyanBas/Documents/web_development/eric_blog/src/components/comment/commentHeader.tsx",
		"statementMap": {
			"0": {
				"start": { "line": 4, "column": 37 },
				"end": { "line": 10, "column": 1 }
			},
			"1": {
				"start": { "line": 5, "column": 1 },
				"end": { "line": 9, "column": 17 }
			}
		},
		"fnMap": {
			"0": {
				"name": "(anonymous_0)",
				"decl": {
					"start": { "line": 4, "column": 37 },
					"end": { "line": 4, "column": 39 }
				},
				"loc": {
					"start": { "line": 5, "column": 1 },
					"end": { "line": 9, "column": 17 }
				}
			}
		},
		"branchMap": {},
		"s": { "0": 2, "1": 4 },
		"f": { "0": 4 },
		"b": {}
	},
	"/Users/RyanBas/Documents/web_development/eric_blog/src/components/comment/createComment.tsx": {
		"path":
			"/Users/RyanBas/Documents/web_development/eric_blog/src/components/comment/createComment.tsx",
		"statementMap": {
			"0": {
				"start": { "line": 8, "column": 46 },
				"end": { "line": 20, "column": 1 }
			},
			"1": {
				"start": { "line": 9, "column": 1 },
				"end": { "line": 19, "column": 8 }
			}
		},
		"fnMap": {
			"0": {
				"name": "(anonymous_0)",
				"decl": {
					"start": { "line": 8, "column": 46 },
					"end": { "line": 8, "column": 47 }
				},
				"loc": {
					"start": { "line": 9, "column": 1 },
					"end": { "line": 19, "column": 8 }
				}
			}
		},
		"branchMap": {},
		"s": { "0": 2, "1": 5 },
		"f": { "0": 5 },
		"b": {}
	},
	"/Users/RyanBas/Documents/web_development/eric_blog/src/components/comment/currentComments.tsx": {
		"path":
			"/Users/RyanBas/Documents/web_development/eric_blog/src/components/comment/currentComments.tsx",
		"statementMap": {
			"0": {
				"start": { "line": 11, "column": 56 },
				"end": { "line": 19, "column": 1 }
			},
			"1": {
				"start": { "line": 12, "column": 1 },
				"end": { "line": 18, "column": 17 }
			}
		},
		"fnMap": {
			"0": {
				"name": "(anonymous_0)",
				"decl": {
					"start": { "line": 11, "column": 56 },
					"end": { "line": 11, "column": 57 }
				},
				"loc": {
					"start": { "line": 12, "column": 1 },
					"end": { "line": 18, "column": 17 }
				}
			}
		},
		"branchMap": {},
		"s": { "0": 2, "1": 2 },
		"f": { "0": 2 },
		"b": {}
	},
	"/Users/RyanBas/Documents/web_development/eric_blog/src/components/comment/index.tsx": {
		"path":
			"/Users/RyanBas/Documents/web_development/eric_blog/src/components/comment/index.tsx",
		"statementMap": {
			"0": {
				"start": { "line": 24, "column": 2 },
				"end": { "line": 24, "column": 15 }
			},
			"1": {
				"start": { "line": 25, "column": 2 },
				"end": { "line": 29, "column": 4 }
			},
			"2": {
				"start": { "line": 30, "column": 2 },
				"end": { "line": 30, "column": 41 }
			},
			"3": {
				"start": { "line": 31, "column": 2 },
				"end": { "line": 31, "column": 49 }
			},
			"4": {
				"start": { "line": 34, "column": 22 },
				"end": { "line": 34, "column": 36 }
			},
			"5": {
				"start": { "line": 35, "column": 2 },
				"end": { "line": 35, "column": 33 }
			},
			"6": {
				"start": { "line": 39, "column": 28 },
				"end": { "line": 39, "column": 38 }
			},
			"7": {
				"start": { "line": 40, "column": 15 },
				"end": { "line": 40, "column": 46 }
			},
			"8": {
				"start": { "line": 41, "column": 36 },
				"end": { "line": 41, "column": 46 }
			},
			"9": {
				"start": { "line": 42, "column": 2 },
				"end": { "line": 49, "column": 5 }
			},
			"10": {
				"start": { "line": 52, "column": 19 },
				"end": { "line": 52, "column": 29 }
			},
			"11": {
				"start": { "line": 53, "column": 28 },
				"end": { "line": 53, "column": 38 }
			},
			"12": {
				"start": { "line": 54, "column": 2 },
				"end": { "line": 72, "column": 4 }
			},
			"13": {
				"start": { "line": 59, "column": 6 },
				"end": { "line": 66, "column": 8 }
			}
		},
		"fnMap": {
			"0": {
				"name": "(anonymous_0)",
				"decl": {
					"start": { "line": 23, "column": 1 },
					"end": { "line": 23, "column": 12 }
				},
				"loc": {
					"start": { "line": 23, "column": 18 },
					"end": { "line": 32, "column": 2 }
				}
			},
			"1": {
				"name": "(anonymous_1)",
				"decl": {
					"start": { "line": 33, "column": 1 },
					"end": { "line": 33, "column": 11 }
				},
				"loc": {
					"start": { "line": 33, "column": 14 },
					"end": { "line": 36, "column": 2 }
				}
			},
			"2": {
				"name": "(anonymous_2)",
				"decl": {
					"start": { "line": 38, "column": 1 },
					"end": { "line": 38, "column": 7 }
				},
				"loc": {
					"start": { "line": 38, "column": 10 },
					"end": { "line": 50, "column": 2 }
				}
			},
			"3": {
				"name": "(anonymous_3)",
				"decl": {
					"start": { "line": 51, "column": 1 },
					"end": { "line": 51, "column": 6 }
				},
				"loc": {
					"start": { "line": 51, "column": 7 },
					"end": { "line": 73, "column": 2 }
				}
			},
			"4": {
				"name": "(anonymous_4)",
				"decl": {
					"start": { "line": 58, "column": 5 },
					"end": { "line": 58, "column": 6 }
				},
				"loc": {
					"start": { "line": 59, "column": 6 },
					"end": { "line": 66, "column": 8 }
				}
			}
		},
		"branchMap": {
			"0": {
				"loc": {
					"start": { "line": 39, "column": 17 },
					"end": { "line": 39, "column": 23 }
				},
				"type": "default-arg",
				"locations": [
					{
						"start": { "line": 39, "column": 17 },
						"end": { "line": 39, "column": 23 }
					}
				]
			}
		},
		"s": {
			"0": 1,
			"1": 1,
			"2": 1,
			"3": 1,
			"4": 1,
			"5": 1,
			"6": 1,
			"7": 1,
			"8": 1,
			"9": 1,
			"10": 3,
			"11": 3,
			"12": 3,
			"13": 1
		},
		"f": { "0": 1, "1": 1, "2": 1, "3": 3, "4": 1 },
		"b": { "0": [0] }
	},
	"/Users/RyanBas/Documents/web_development/eric_blog/src/components/likes/index.tsx": {
		"path":
			"/Users/RyanBas/Documents/web_development/eric_blog/src/components/likes/index.tsx",
		"statementMap": {
			"0": {
				"start": { "line": 10, "column": 2 },
				"end": { "line": 10, "column": 10 }
			},
			"1": {
				"start": { "line": 11, "column": 2 },
				"end": { "line": 13, "column": 4 }
			},
			"2": {
				"start": { "line": 14, "column": 2 },
				"end": { "line": 14, "column": 49 }
			},
			"3": {
				"start": { "line": 17, "column": 2 },
				"end": { "line": 17, "column": 65 }
			},
			"4": {
				"start": { "line": 17, "column": 28 },
				"end": { "line": 17, "column": 62 }
			},
			"5": {
				"start": { "line": 20, "column": 2 },
				"end": { "line": 40, "column": 4 }
			}
		},
		"fnMap": {
			"0": {
				"name": "(anonymous_0)",
				"decl": {
					"start": { "line": 9, "column": 1 },
					"end": { "line": null, "column": -1 }
				},
				"loc": {
					"start": { "line": 9, "column": 1 },
					"end": { "line": 15, "column": 2 }
				}
			},
			"1": {
				"name": "(anonymous_1)",
				"decl": {
					"start": { "line": 16, "column": 1 },
					"end": { "line": 16, "column": 11 }
				},
				"loc": {
					"start": { "line": 16, "column": 14 },
					"end": { "line": 18, "column": 2 }
				}
			},
			"2": {
				"name": "(anonymous_2)",
				"decl": {
					"start": { "line": 17, "column": 16 },
					"end": { "line": 17, "column": 17 }
				},
				"loc": {
					"start": { "line": 17, "column": 28 },
					"end": { "line": 17, "column": 62 }
				}
			},
			"3": {
				"name": "(anonymous_3)",
				"decl": {
					"start": { "line": 19, "column": 1 },
					"end": { "line": 19, "column": 6 }
				},
				"loc": {
					"start": { "line": 19, "column": 7 },
					"end": { "line": 41, "column": 2 }
				}
			}
		},
		"branchMap": {
			"0": {
				"loc": {
					"start": { "line": 23, "column": 5 },
					"end": { "line": 28, "column": 7 }
				},
				"type": "cond-expr",
				"locations": [
					{
						"start": { "line": 23, "column": 5 },
						"end": { "line": 28, "column": 7 }
					},
					{
						"start": { "line": 30, "column": 5 },
						"end": { "line": 36, "column": 7 }
					}
				]
			}
		},
		"s": { "0": 3, "1": 3, "2": 3, "3": 2, "4": 2, "5": 5 },
		"f": { "0": 3, "1": 2, "2": 2, "3": 5 },
		"b": { "0": [3, 2] }
	},
	"/Users/RyanBas/Documents/web_development/eric_blog/src/utils/style.mock.js": {
		"path":
			"/Users/RyanBas/Documents/web_development/eric_blog/src/utils/style.mock.js",
		"statementMap": {
			"0": {
				"start": { "line": 1, "column": 0 },
				"end": { "line": 1, "column": 20 }
			}
		},
		"fnMap": {},
		"branchMap": {},
		"s": { "0": 2 },
		"f": {},
		"b": {},
		"_coverageSchema": "332fd63041d2c1bcb487cc26dd0d5f7d97098a6c",
		"hash": "d35e661debbfdab35d320a2ea15f3740f998cc16"
	}
}
