TN:
SF:/Users/RyanBas/Documents/web_development/eric_blog/src/components/about.tsx
FN:4,(anonymous_0)
FNF:1
FNH:1
FNDA:1,(anonymous_0)
DA:5,1
LF:1
LH:1
BRF:0
BRH:0
end_of_record
TN:
SF:/Users/RyanBas/Documents/web_development/eric_blog/src/components/blog-tags/index.tsx
FN:10,(anonymous_0)
FN:13,(anonymous_1)
FNF:2
FNH:2
FNDA:2,(anonymous_0)
FNDA:4,(anonymous_1)
DA:10,2
DA:11,2
DA:14,4
LF:3
LH:3
BRF:0
BRH:0
end_of_record
TN:
SF:/Users/RyanBas/Documents/web_development/eric_blog/src/components/card/index.tsx
FN:17,CardsComp
FNF:1
FNH:1
FNDA:1,CardsComp
DA:17,1
DA:18,1
DA:20,1
DA:21,1
LF:4
LH:4
BRDA:20,0,0,1
BRDA:20,0,1,0
BRF:2
BRH:1
end_of_record
TN:
SF:/Users/RyanBas/Documents/web_development/eric_blog/src/components/comment/commentHeader.tsx
FN:4,(anonymous_0)
FNF:1
FNH:1
FNDA:4,(anonymous_0)
DA:4,2
DA:5,4
LF:2
LH:2
BRF:0
BRH:0
end_of_record
TN:
SF:/Users/RyanBas/Documents/web_development/eric_blog/src/components/comment/createComment.tsx
FN:8,(anonymous_0)
FNF:1
FNH:1
FNDA:5,(anonymous_0)
DA:8,2
DA:9,5
LF:2
LH:2
BRF:0
BRH:0
end_of_record
TN:
SF:/Users/RyanBas/Documents/web_development/eric_blog/src/components/comment/currentComments.tsx
FN:11,(anonymous_0)
FNF:1
FNH:1
FNDA:2,(anonymous_0)
DA:11,2
DA:12,2
LF:2
LH:2
BRF:0
BRH:0
end_of_record
TN:
SF:/Users/RyanBas/Documents/web_development/eric_blog/src/components/comment/index.tsx
FN:23,(anonymous_0)
FN:33,(anonymous_1)
FN:38,(anonymous_2)
FN:51,(anonymous_3)
FN:58,(anonymous_4)
FNF:5
FNH:5
FNDA:1,(anonymous_0)
FNDA:1,(anonymous_1)
FNDA:1,(anonymous_2)
FNDA:3,(anonymous_3)
FNDA:1,(anonymous_4)
DA:24,1
DA:25,1
DA:30,1
DA:31,1
DA:34,1
DA:35,1
DA:39,1
DA:40,1
DA:41,1
DA:42,1
DA:52,3
DA:53,3
DA:54,3
DA:59,1
LF:14
LH:14
BRDA:39,0,0,0
BRF:1
BRH:0
end_of_record
TN:
SF:/Users/RyanBas/Documents/web_development/eric_blog/src/components/likes/index.tsx
FN:9,(anonymous_0)
FN:16,(anonymous_1)
FN:17,(anonymous_2)
FN:19,(anonymous_3)
FNF:4
FNH:4
FNDA:3,(anonymous_0)
FNDA:2,(anonymous_1)
FNDA:2,(anonymous_2)
FNDA:5,(anonymous_3)
DA:10,3
DA:11,3
DA:14,3
DA:17,2
DA:20,5
LF:5
LH:5
BRDA:23,0,0,3
BRDA:23,0,1,2
BRF:2
BRH:2
end_of_record
TN:
SF:/Users/RyanBas/Documents/web_development/eric_blog/src/utils/style.mock.js
FNF:0
FNH:0
DA:1,2
LF:1
LH:1
BRF:0
BRH:0
end_of_record
